bernard@BPCvdHelm: sh 03-kubernetes-dashboard.sh

PLAY [node1] ****************************************************************************************************************************************************************************************************************************************************************************

TASK [Deploy the kubernetes dashboard] **************************************************************************************************************************************************************************************************************************************************
changed: [192.168.178.201]

TASK [Create nodeport-kubernetes-dashboard svc] *****************************************************************************************************************************************************************************************************************************************
changed: [192.168.178.201]

TASK [Activate nodeport kubernetes dashboard svc] ***************************************************************************************************************************************************************************************************************************************
changed: [192.168.178.201]

TASK [Create service account] ***********************************************************************************************************************************************************************************************************************************************************
changed: [192.168.178.201]

TASK [Bind to cluster admin role] *******************************************************************************************************************************************************************************************************************************************************
changed: [192.168.178.201]

TASK [Get secrets and fetch name of admin] **********************************************************************************************************************************************************************************************************************************************
changed: [192.168.178.201]

TASK [set_fact] *************************************************************************************************************************************************************************************************************************************************************************
ok: [192.168.178.201]

TASK [Describe secret dashboard-admin-sa-token-77prl] ***********************************************************************************************************************************************************************************************************************************
changed: [192.168.178.201]

TASK [Use this token to login kubernetes-dashboard] *************************************************************************************************************************************************************************************************************************************
ok: [192.168.178.201] => {
    "output.stdout_lines": [
        "Name:         dashboard-admin-sa-token-77prl",
        "Namespace:    default",
        "Labels:       <none>",
        "Annotations:  kubernetes.io/service-account.name: dashboard-admin-sa",
        "              kubernetes.io/service-account.uid: 0fc0fd59-3d98-48e3-a959-7840ee001f36",
        "",
        "Type:  kubernetes.io/service-account-token",
        "",
        "Data",
        "====",
        "ca.crt:     1066 bytes",
        "namespace:  7 bytes",
        "token:      eyJhbGciOiJSUzI1NiIsImtpZCI6Ilk5RldyWXFsd1NzS1oxWEVCdGMzb3RjcTZNaGRvUlJGSVhFaWFzU0lYcXcifQ.eyJpc3MiOiJrdWJlcm5ldGVzL3NlcnZpY2VhY2NvdW50Iiwia3ViZXJuZXRlcy5pby9zZXJ2aWNlYWNjb3VudC9uYW1lc3BhY2UiOiJkZWZhdWx0Iiwia3ViZXJuZXRlcy5pby9zZXJ2aWNlYWNjb3VudC9zZWNyZXQubmFtZSI6ImRhc2hib2FyZC1hZG1pbi1zYS10b2tlbi03N3BybCIsImt1YmVybmV0ZXMuaW8vc2VydmljZWFjY291bnQvc2VydmljZS1hY2NvdW50Lm5hbWUiOiJkYXNoYm9hcmQtYWRtaW4tc2EiLCJrdWJlcm5ldGVzLmlvL3NlcnZpY2VhY2NvdW50L3NlcnZpY2UtYWNjb3VudC51aWQiOiIwZmMwZmQ1OS0zZDk4LTQ4ZTMtYTk1OS03ODQwZWUwMDFmMzYiLCJzdWIiOiJzeXN0ZW06c2VydmljZWFjY291bnQ6ZGVmYXVsdDpkYXNoYm9hcmQtYWRtaW4tc2EifQ.JPtbC23AQ8qRFYZvG7pLWbTsJFuYHFx_qQH6Ey9fu9HJVsuVopaePjZHWlCuuuGlEq3zNeN_8LO5x_xKnDrS87Dh9RIeikfx1GHgw0_JVxV-6grPh1pSKNlhu2K2q7O1n3OTPj3K6-ObQj98tfjPiFQ9FOtpz4hjx-V7qupaxYJeennJj2Q0MKhG1N-6Yy3kRlGSZVVWTBaa_WhdR_mQxaCvVE8w-JaryHDKvJpgjLDTAOh19f9ieqFG_Q_5hS1i5GYjOVIoapgMO9vHy1oLQHLsukjebZ4VvGYN480Luo2LZDnrsZ8onZFn76FWw4J2RnNBFHfItU3hjaFJjJA1bQ"
    ]
}

PLAY RECAP ******************************************************************************************************************************************************************************************************************************************************************************
192.168.178.201            : ok=9    changed=7    unreachable=0    failed=0    skipped=0    rescued=0    ignored=0   

bernard@BPCvdHelm:
